<?xml version="1.0" encoding="UTF-8"?>
<testsuite xmlns:xsi="http://www.w3.org/2001/XMLSchema-instance" xsi:noNamespaceSchemaLocation="https://maven.apache.org/surefire/maven-surefire-plugin/xsd/surefire-test-report.xsd" name="com.LongForYou.server.LongForYouServerApplicationTests" time="10.345" tests="1" errors="0" skipped="0" failures="0">
  <properties>
    <property name="java.specification.version" value="13"/>
    <property name="sun.cpu.isalist" value="amd64"/>
    <property name="sun.jnu.encoding" value="MS949"/>
    <property name="java.class.path" value="D:\_personal project\toy\210411\server\target\test-classes;D:\_personal project\toy\210411\server\target\classes;D:\_personal project\toy\210411\server\lib\javaSDK-2.2.jar;D:\_personal project\toy\210411\server\lib\json-simple-1.1.1.jar;C:\Users\ss\.m2\repository\com\amazonaws\aws-java-sdk\1.11.404\aws-java-sdk-1.11.404.jar;C:\Users\ss\.m2\repository\com\amazonaws\aws-java-sdk-signer\1.11.404\aws-java-sdk-signer-1.11.404.jar;C:\Users\ss\.m2\repository\com\amazonaws\jmespath-java\1.11.404\jmespath-java-1.11.404.jar;C:\Users\ss\.m2\repository\com\amazonaws\aws-java-sdk-dlm\1.11.404\aws-java-sdk-dlm-1.11.404.jar;C:\Users\ss\.m2\repository\com\amazonaws\aws-java-sdk-macie\1.11.404\aws-java-sdk-macie-1.11.404.jar;C:\Users\ss\.m2\repository\com\amazonaws\aws-java-sdk-eks\1.11.404\aws-java-sdk-eks-1.11.404.jar;C:\Users\ss\.m2\repository\com\amazonaws\aws-java-sdk-mediatailor\1.11.404\aws-java-sdk-mediatailor-1.11.404.jar;C:\Users\ss\.m2\repository\com\amazonaws\aws-java-sdk-neptune\1.11.404\aws-java-sdk-neptune-1.11.404.jar;C:\Users\ss\.m2\repository\com\amazonaws\aws-java-sdk-pi\1.11.404\aws-java-sdk-pi-1.11.404.jar;C:\Users\ss\.m2\repository\com\amazonaws\aws-java-sdk-iot1clickprojects\1.11.404\aws-java-sdk-iot1clickprojects-1.11.404.jar;C:\Users\ss\.m2\repository\com\amazonaws\aws-java-sdk-iot1clickdevices\1.11.404\aws-java-sdk-iot1clickdevices-1.11.404.jar;C:\Users\ss\.m2\repository\com\amazonaws\aws-java-sdk-iotanalytics\1.11.404\aws-java-sdk-iotanalytics-1.11.404.jar;C:\Users\ss\.m2\repository\com\amazonaws\aws-java-sdk-acmpca\1.11.404\aws-java-sdk-acmpca-1.11.404.jar;C:\Users\ss\.m2\repository\com\amazonaws\aws-java-sdk-secretsmanager\1.11.404\aws-java-sdk-secretsmanager-1.11.404.jar;C:\Users\ss\.m2\repository\com\amazonaws\aws-java-sdk-fms\1.11.404\aws-java-sdk-fms-1.11.404.jar;C:\Users\ss\.m2\repository\com\amazonaws\aws-java-sdk-connect\1.11.404\aws-java-sdk-connect-1.11.404.jar;C:\Users\ss\.m2\repository\com\amazonaws\aws-java-sdk-transcribe\1.11.404\aws-java-sdk-transcribe-1.11.404.jar;C:\Users\ss\.m2\repository\com\amazonaws\aws-java-sdk-autoscalingplans\1.11.404\aws-java-sdk-autoscalingplans-1.11.404.jar;C:\Users\ss\.m2\repository\com\amazonaws\aws-java-sdk-workmail\1.11.404\aws-java-sdk-workmail-1.11.404.jar;C:\Users\ss\.m2\repository\com\amazonaws\aws-java-sdk-servicediscovery\1.11.404\aws-java-sdk-servicediscovery-1.11.404.jar;C:\Users\ss\.m2\repository\com\amazonaws\aws-java-sdk-cloud9\1.11.404\aws-java-sdk-cloud9-1.11.404.jar;C:\Users\ss\.m2\repository\com\amazonaws\aws-java-sdk-serverlessapplicationrepository\1.11.404\aws-java-sdk-serverlessapplicationrepository-1.11.404.jar;C:\Users\ss\.m2\repository\com\amazonaws\aws-java-sdk-alexaforbusiness\1.11.404\aws-java-sdk-alexaforbusiness-1.11.404.jar;C:\Users\ss\.m2\repository\com\amazonaws\aws-java-sdk-resourcegroups\1.11.404\aws-java-sdk-resourcegroups-1.11.404.jar;C:\Users\ss\.m2\repository\com\amazonaws\aws-java-sdk-comprehend\1.11.404\aws-java-sdk-comprehend-1.11.404.jar;C:\Users\ss\.m2\repository\com\amazonaws\aws-java-sdk-translate\1.11.404\aws-java-sdk-translate-1.11.404.jar;C:\Users\ss\.m2\repository\com\amazonaws\aws-java-sdk-sagemaker\1.11.404\aws-java-sdk-sagemaker-1.11.404.jar;C:\Users\ss\.m2\repository\com\amazonaws\aws-java-sdk-iotjobsdataplane\1.11.404\aws-java-sdk-iotjobsdataplane-1.11.404.jar;C:\Users\ss\.m2\repository\com\amazonaws\aws-java-sdk-sagemakerruntime\1.11.404\aws-java-sdk-sagemakerruntime-1.11.404.jar;C:\Users\ss\.m2\repository\com\amazonaws\aws-java-sdk-kinesisvideo\1.11.404\aws-java-sdk-kinesisvideo-1.11.404.jar;C:\Users\ss\.m2\repository\io\netty\netty-codec-http\4.1.52.Final\netty-codec-http-4.1.52.Final.jar;C:\Users\ss\.m2\repository\io\netty\netty-common\4.1.52.Final\netty-common-4.1.52.Final.jar;C:\Users\ss\.m2\repository\io\netty\netty-buffer\4.1.52.Final\netty-buffer-4.1.52.Final.jar;C:\Users\ss\.m2\repository\io\netty\netty-transport\4.1.52.Final\netty-transport-4.1.52.Final.jar;C:\Users\ss\.m2\repository\io\netty\netty-codec\4.1.52.Final\netty-codec-4.1.52.Final.jar;C:\Users\ss\.m2\repository\io\netty\netty-handler\4.1.52.Final\netty-handler-4.1.52.Final.jar;C:\Users\ss\.m2\repository\io\netty\netty-resolver\4.1.52.Final\netty-resolver-4.1.52.Final.jar;C:\Users\ss\.m2\repository\com\amazonaws\aws-java-sdk-appsync\1.11.404\aws-java-sdk-appsync-1.11.404.jar;C:\Users\ss\.m2\repository\com\amazonaws\aws-java-sdk-guardduty\1.11.404\aws-java-sdk-guardduty-1.11.404.jar;C:\Users\ss\.m2\repository\com\amazonaws\aws-java-sdk-mq\1.11.404\aws-java-sdk-mq-1.11.404.jar;C:\Users\ss\.m2\repository\com\amazonaws\aws-java-sdk-mediaconvert\1.11.404\aws-java-sdk-mediaconvert-1.11.404.jar;C:\Users\ss\.m2\repository\com\amazonaws\aws-java-sdk-mediastore\1.11.404\aws-java-sdk-mediastore-1.11.404.jar;C:\Users\ss\.m2\repository\com\amazonaws\aws-java-sdk-mediastoredata\1.11.404\aws-java-sdk-mediastoredata-1.11.404.jar;C:\Users\ss\.m2\repository\com\amazonaws\aws-java-sdk-medialive\1.11.404\aws-java-sdk-medialive-1.11.404.jar;C:\Users\ss\.m2\repository\com\amazonaws\aws-java-sdk-mediapackage\1.11.404\aws-java-sdk-mediapackage-1.11.404.jar;C:\Users\ss\.m2\repository\com\amazonaws\aws-java-sdk-costexplorer\1.11.404\aws-java-sdk-costexplorer-1.11.404.jar;C:\Users\ss\.m2\repository\com\amazonaws\aws-java-sdk-pricing\1.11.404\aws-java-sdk-pricing-1.11.404.jar;C:\Users\ss\.m2\repository\com\amazonaws\aws-java-sdk-mobile\1.11.404\aws-java-sdk-mobile-1.11.404.jar;C:\Users\ss\.m2\repository\com\amazonaws\aws-java-sdk-cloudhsmv2\1.11.404\aws-java-sdk-cloudhsmv2-1.11.404.jar;C:\Users\ss\.m2\repository\com\amazonaws\aws-java-sdk-glue\1.11.404\aws-java-sdk-glue-1.11.404.jar;C:\Users\ss\.m2\repository\com\amazonaws\aws-java-sdk-migrationhub\1.11.404\aws-java-sdk-migrationhub-1.11.404.jar;C:\Users\ss\.m2\repository\com\amazonaws\aws-java-sdk-dax\1.11.404\aws-java-sdk-dax-1.11.404.jar;C:\Users\ss\.m2\repository\com\amazonaws\aws-java-sdk-greengrass\1.11.404\aws-java-sdk-greengrass-1.11.404.jar;C:\Users\ss\.m2\repository\com\amazonaws\aws-java-sdk-athena\1.11.404\aws-java-sdk-athena-1.11.404.jar;C:\Users\ss\.m2\repository\com\amazonaws\aws-java-sdk-marketplaceentitlement\1.11.404\aws-java-sdk-marketplaceentitlement-1.11.404.jar;C:\Users\ss\.m2\repository\com\amazonaws\aws-java-sdk-codestar\1.11.404\aws-java-sdk-codestar-1.11.404.jar;C:\Users\ss\.m2\repository\com\amazonaws\aws-java-sdk-lexmodelbuilding\1.11.404\aws-java-sdk-lexmodelbuilding-1.11.404.jar;C:\Users\ss\.m2\repository\com\amazonaws\aws-java-sdk-resourcegroupstaggingapi\1.11.404\aws-java-sdk-resourcegroupstaggingapi-1.11.404.jar;C:\Users\ss\.m2\repository\com\amazonaws\aws-java-sdk-pinpoint\1.11.404\aws-java-sdk-pinpoint-1.11.404.jar;C:\Users\ss\.m2\repository\com\amazonaws\aws-java-sdk-xray\1.11.404\aws-java-sdk-xray-1.11.404.jar;C:\Users\ss\.m2\repository\com\amazonaws\aws-java-sdk-opsworkscm\1.11.404\aws-java-sdk-opsworkscm-1.11.404.jar;C:\Users\ss\.m2\repository\com\amazonaws\aws-java-sdk-support\1.11.404\aws-java-sdk-support-1.11.404.jar;C:\Users\ss\.m2\repository\com\amazonaws\aws-java-sdk-simpledb\1.11.404\aws-java-sdk-simpledb-1.11.404.jar;C:\Users\ss\.m2\repository\com\amazonaws\aws-java-sdk-servicecatalog\1.11.404\aws-java-sdk-servicecatalog-1.11.404.jar;C:\Users\ss\.m2\repository\com\amazonaws\aws-java-sdk-servermigration\1.11.404\aws-java-sdk-servermigration-1.11.404.jar;C:\Users\ss\.m2\repository\com\amazonaws\aws-java-sdk-simpleworkflow\1.11.404\aws-java-sdk-simpleworkflow-1.11.404.jar;C:\Users\ss\.m2\repository\com\amazonaws\aws-java-sdk-storagegateway\1.11.404\aws-java-sdk-storagegateway-1.11.404.jar;C:\Users\ss\.m2\repository\com\amazonaws\aws-java-sdk-route53\1.11.404\aws-java-sdk-route53-1.11.404.jar;C:\Users\ss\.m2\repository\com\amazonaws\aws-java-sdk-s3\1.11.404\aws-java-sdk-s3-1.11.404.jar;C:\Users\ss\.m2\repository\com\amazonaws\aws-java-sdk-importexport\1.11.404\aws-java-sdk-importexport-1.11.404.jar;C:\Users\ss\.m2\repository\com\amazonaws\aws-java-sdk-sts\1.11.404\aws-java-sdk-sts-1.11.404.jar;C:\Users\ss\.m2\repository\com\amazonaws\aws-java-sdk-sqs\1.11.404\aws-java-sdk-sqs-1.11.404.jar;C:\Users\ss\.m2\repository\com\amazonaws\aws-java-sdk-rds\1.11.404\aws-java-sdk-rds-1.11.404.jar;C:\Users\ss\.m2\repository\com\amazonaws\aws-java-sdk-redshift\1.11.404\aws-java-sdk-redshift-1.11.404.jar;C:\Users\ss\.m2\repository\com\amazonaws\aws-java-sdk-elasticbeanstalk\1.11.404\aws-java-sdk-elasticbeanstalk-1.11.404.jar;C:\Users\ss\.m2\repository\com\amazonaws\aws-java-sdk-glacier\1.11.404\aws-java-sdk-glacier-1.11.404.jar;C:\Users\ss\.m2\repository\com\amazonaws\aws-java-sdk-iam\1.11.404\aws-java-sdk-iam-1.11.404.jar;C:\Users\ss\.m2\repository\com\amazonaws\aws-java-sdk-datapipeline\1.11.404\aws-java-sdk-datapipeline-1.11.404.jar;C:\Users\ss\.m2\repository\com\amazonaws\aws-java-sdk-elasticloadbalancing\1.11.404\aws-java-sdk-elasticloadbalancing-1.11.404.jar;C:\Users\ss\.m2\repository\com\amazonaws\aws-java-sdk-elasticloadbalancingv2\1.11.404\aws-java-sdk-elasticloadbalancingv2-1.11.404.jar;C:\Users\ss\.m2\repository\com\amazonaws\aws-java-sdk-emr\1.11.404\aws-java-sdk-emr-1.11.404.jar;C:\Users\ss\.m2\repository\com\amazonaws\aws-java-sdk-elasticache\1.11.404\aws-java-sdk-elasticache-1.11.404.jar;C:\Users\ss\.m2\repository\com\amazonaws\aws-java-sdk-elastictranscoder\1.11.404\aws-java-sdk-elastictranscoder-1.11.404.jar;C:\Users\ss\.m2\repository\com\amazonaws\aws-java-sdk-ec2\1.11.404\aws-java-sdk-ec2-1.11.404.jar;C:\Users\ss\.m2\repository\com\amazonaws\aws-java-sdk-dynamodb\1.11.404\aws-java-sdk-dynamodb-1.11.404.jar;C:\Users\ss\.m2\repository\com\amazonaws\aws-java-sdk-sns\1.11.404\aws-java-sdk-sns-1.11.404.jar;C:\Users\ss\.m2\repository\com\amazonaws\aws-java-sdk-budgets\1.11.404\aws-java-sdk-budgets-1.11.404.jar;C:\Users\ss\.m2\repository\com\amazonaws\aws-java-sdk-cloudtrail\1.11.404\aws-java-sdk-cloudtrail-1.11.404.jar;C:\Users\ss\.m2\repository\com\amazonaws\aws-java-sdk-cloudwatch\1.11.404\aws-java-sdk-cloudwatch-1.11.404.jar;C:\Users\ss\.m2\repository\com\amazonaws\aws-java-sdk-logs\1.11.404\aws-java-sdk-logs-1.11.404.jar;C:\Users\ss\.m2\repository\com\amazonaws\aws-java-sdk-events\1.11.404\aws-java-sdk-events-1.11.404.jar;C:\Users\ss\.m2\repository\com\amazonaws\aws-java-sdk-cognitoidentity\1.11.404\aws-java-sdk-cognitoidentity-1.11.404.jar;C:\Users\ss\.m2\repository\com\amazonaws\aws-java-sdk-cognitosync\1.11.404\aws-java-sdk-cognitosync-1.11.404.jar;C:\Users\ss\.m2\repository\com\amazonaws\aws-java-sdk-directconnect\1.11.404\aws-java-sdk-directconnect-1.11.404.jar;C:\Users\ss\.m2\repository\com\amazonaws\aws-java-sdk-cloudformation\1.11.404\aws-java-sdk-cloudformation-1.11.404.jar;C:\Users\ss\.m2\repository\com\amazonaws\aws-java-sdk-cloudfront\1.11.404\aws-java-sdk-cloudfront-1.11.404.jar;C:\Users\ss\.m2\repository\com\amazonaws\aws-java-sdk-clouddirectory\1.11.404\aws-java-sdk-clouddirectory-1.11.404.jar;C:\Users\ss\.m2\repository\com\amazonaws\aws-java-sdk-kinesis\1.11.404\aws-java-sdk-kinesis-1.11.404.jar;C:\Users\ss\.m2\repository\com\amazonaws\aws-java-sdk-opsworks\1.11.404\aws-java-sdk-opsworks-1.11.404.jar;C:\Users\ss\.m2\repository\com\amazonaws\aws-java-sdk-ses\1.11.404\aws-java-sdk-ses-1.11.404.jar;C:\Users\ss\.m2\repository\com\amazonaws\aws-java-sdk-autoscaling\1.11.404\aws-java-sdk-autoscaling-1.11.404.jar;C:\Users\ss\.m2\repository\com\amazonaws\aws-java-sdk-cloudsearch\1.11.404\aws-java-sdk-cloudsearch-1.11.404.jar;C:\Users\ss\.m2\repository\com\amazonaws\aws-java-sdk-cloudwatchmetrics\1.11.404\aws-java-sdk-cloudwatchmetrics-1.11.404.jar;C:\Users\ss\.m2\repository\com\amazonaws\aws-java-sdk-codedeploy\1.11.404\aws-java-sdk-codedeploy-1.11.404.jar;C:\Users\ss\.m2\repository\com\amazonaws\aws-java-sdk-codepipeline\1.11.404\aws-java-sdk-codepipeline-1.11.404.jar;C:\Users\ss\.m2\repository\com\amazonaws\aws-java-sdk-kms\1.11.404\aws-java-sdk-kms-1.11.404.jar;C:\Users\ss\.m2\repository\com\amazonaws\aws-java-sdk-config\1.11.404\aws-java-sdk-config-1.11.404.jar;C:\Users\ss\.m2\repository\com\amazonaws\aws-java-sdk-lambda\1.11.404\aws-java-sdk-lambda-1.11.404.jar;C:\Users\ss\.m2\repository\com\amazonaws\aws-java-sdk-ecs\1.11.404\aws-java-sdk-ecs-1.11.404.jar;C:\Users\ss\.m2\repository\com\amazonaws\aws-java-sdk-ecr\1.11.404\aws-java-sdk-ecr-1.11.404.jar;C:\Users\ss\.m2\repository\com\amazonaws\aws-java-sdk-cloudhsm\1.11.404\aws-java-sdk-cloudhsm-1.11.404.jar;C:\Users\ss\.m2\repository\com\amazonaws\aws-java-sdk-ssm\1.11.404\aws-java-sdk-ssm-1.11.404.jar;C:\Users\ss\.m2\repository\com\amazonaws\aws-java-sdk-workspaces\1.11.404\aws-java-sdk-workspaces-1.11.404.jar;C:\Users\ss\.m2\repository\com\amazonaws\aws-java-sdk-machinelearning\1.11.404\aws-java-sdk-machinelearning-1.11.404.jar;C:\Users\ss\.m2\repository\com\amazonaws\aws-java-sdk-directory\1.11.404\aws-java-sdk-directory-1.11.404.jar;C:\Users\ss\.m2\repository\com\amazonaws\aws-java-sdk-efs\1.11.404\aws-java-sdk-efs-1.11.404.jar;C:\Users\ss\.m2\repository\com\amazonaws\aws-java-sdk-codecommit\1.11.404\aws-java-sdk-codecommit-1.11.404.jar;C:\Users\ss\.m2\repository\com\amazonaws\aws-java-sdk-devicefarm\1.11.404\aws-java-sdk-devicefarm-1.11.404.jar;C:\Users\ss\.m2\repository\com\amazonaws\aws-java-sdk-elasticsearch\1.11.404\aws-java-sdk-elasticsearch-1.11.404.jar;C:\Users\ss\.m2\repository\com\amazonaws\aws-java-sdk-waf\1.11.404\aws-java-sdk-waf-1.11.404.jar;C:\Users\ss\.m2\repository\com\amazonaws\aws-java-sdk-marketplacecommerceanalytics\1.11.404\aws-java-sdk-marketplacecommerceanalytics-1.11.404.jar;C:\Users\ss\.m2\repository\com\amazonaws\aws-java-sdk-inspector\1.11.404\aws-java-sdk-inspector-1.11.404.jar;C:\Users\ss\.m2\repository\com\amazonaws\aws-java-sdk-iot\1.11.404\aws-java-sdk-iot-1.11.404.jar;C:\Users\ss\.m2\repository\com\amazonaws\aws-java-sdk-api-gateway\1.11.404\aws-java-sdk-api-gateway-1.11.404.jar;C:\Users\ss\.m2\repository\com\amazonaws\aws-java-sdk-acm\1.11.404\aws-java-sdk-acm-1.11.404.jar;C:\Users\ss\.m2\repository\com\amazonaws\aws-java-sdk-gamelift\1.11.404\aws-java-sdk-gamelift-1.11.404.jar;C:\Users\ss\.m2\repository\com\amazonaws\aws-java-sdk-dms\1.11.404\aws-java-sdk-dms-1.11.404.jar;C:\Users\ss\.m2\repository\com\amazonaws\aws-java-sdk-marketplacemeteringservice\1.11.404\aws-java-sdk-marketplacemeteringservice-1.11.404.jar;C:\Users\ss\.m2\repository\com\amazonaws\aws-java-sdk-cognitoidp\1.11.404\aws-java-sdk-cognitoidp-1.11.404.jar;C:\Users\ss\.m2\repository\com\amazonaws\aws-java-sdk-discovery\1.11.404\aws-java-sdk-discovery-1.11.404.jar;C:\Users\ss\.m2\repository\com\amazonaws\aws-java-sdk-applicationautoscaling\1.11.404\aws-java-sdk-applicationautoscaling-1.11.404.jar;C:\Users\ss\.m2\repository\com\amazonaws\aws-java-sdk-snowball\1.11.404\aws-java-sdk-snowball-1.11.404.jar;C:\Users\ss\.m2\repository\com\amazonaws\aws-java-sdk-rekognition\1.11.404\aws-java-sdk-rekognition-1.11.404.jar;C:\Users\ss\.m2\repository\com\amazonaws\aws-java-sdk-polly\1.11.404\aws-java-sdk-polly-1.11.404.jar;C:\Users\ss\.m2\repository\com\amazonaws\aws-java-sdk-lightsail\1.11.404\aws-java-sdk-lightsail-1.11.404.jar;C:\Users\ss\.m2\repository\com\amazonaws\aws-java-sdk-stepfunctions\1.11.404\aws-java-sdk-stepfunctions-1.11.404.jar;C:\Users\ss\.m2\repository\com\amazonaws\aws-java-sdk-health\1.11.404\aws-java-sdk-health-1.11.404.jar;C:\Users\ss\.m2\repository\com\amazonaws\aws-java-sdk-costandusagereport\1.11.404\aws-java-sdk-costandusagereport-1.11.404.jar;C:\Users\ss\.m2\repository\com\amazonaws\aws-java-sdk-codebuild\1.11.404\aws-java-sdk-codebuild-1.11.404.jar;C:\Users\ss\.m2\repository\com\amazonaws\aws-java-sdk-appstream\1.11.404\aws-java-sdk-appstream-1.11.404.jar;C:\Users\ss\.m2\repository\com\amazonaws\aws-java-sdk-shield\1.11.404\aws-java-sdk-shield-1.11.404.jar;C:\Users\ss\.m2\repository\com\amazonaws\aws-java-sdk-batch\1.11.404\aws-java-sdk-batch-1.11.404.jar;C:\Users\ss\.m2\repository\com\amazonaws\aws-java-sdk-lex\1.11.404\aws-java-sdk-lex-1.11.404.jar;C:\Users\ss\.m2\repository\com\amazonaws\aws-java-sdk-mechanicalturkrequester\1.11.404\aws-java-sdk-mechanicalturkrequester-1.11.404.jar;C:\Users\ss\.m2\repository\com\amazonaws\aws-java-sdk-organizations\1.11.404\aws-java-sdk-organizations-1.11.404.jar;C:\Users\ss\.m2\repository\com\amazonaws\aws-java-sdk-workdocs\1.11.404\aws-java-sdk-workdocs-1.11.404.jar;C:\Users\ss\.m2\repository\com\amazonaws\aws-java-sdk-core\1.11.404\aws-java-sdk-core-1.11.404.jar;C:\Users\ss\.m2\repository\commons-logging\commons-logging\1.1.3\commons-logging-1.1.3.jar;C:\Users\ss\.m2\repository\org\apache\httpcomponents\httpclient\4.5.12\httpclient-4.5.12.jar;C:\Users\ss\.m2\repository\org\apache\httpcomponents\httpcore\4.4.13\httpcore-4.4.13.jar;C:\Users\ss\.m2\repository\commons-codec\commons-codec\1.14\commons-codec-1.14.jar;C:\Users\ss\.m2\repository\software\amazon\ion\ion-java\1.0.2\ion-java-1.0.2.jar;C:\Users\ss\.m2\repository\com\fasterxml\jackson\dataformat\jackson-dataformat-cbor\2.11.2\jackson-dataformat-cbor-2.11.2.jar;C:\Users\ss\.m2\repository\joda-time\joda-time\2.8.1\joda-time-2.8.1.jar;C:\Users\ss\.m2\repository\com\amazonaws\aws-java-sdk-models\1.11.404\aws-java-sdk-models-1.11.404.jar;C:\Users\ss\.m2\repository\com\amazonaws\aws-java-sdk-swf-libraries\1.11.22\aws-java-sdk-swf-libraries-1.11.22.jar;C:\Users\ss\.m2\repository\org\springframework\boot\spring-boot-starter-validation\2.3.4.RELEASE\spring-boot-starter-validation-2.3.4.RELEASE.jar;C:\Users\ss\.m2\repository\org\springframework\boot\spring-boot-starter\2.3.4.RELEASE\spring-boot-starter-2.3.4.RELEASE.jar;C:\Users\ss\.m2\repository\org\springframework\boot\spring-boot\2.3.4.RELEASE\spring-boot-2.3.4.RELEASE.jar;C:\Users\ss\.m2\repository\org\springframework\boot\spring-boot-autoconfigure\2.3.4.RELEASE\spring-boot-autoconfigure-2.3.4.RELEASE.jar;C:\Users\ss\.m2\repository\org\springframework\boot\spring-boot-starter-logging\2.3.4.RELEASE\spring-boot-starter-logging-2.3.4.RELEASE.jar;C:\Users\ss\.m2\repository\ch\qos\logback\logback-classic\1.2.3\logback-classic-1.2.3.jar;C:\Users\ss\.m2\repository\ch\qos\logback\logback-core\1.2.3\logback-core-1.2.3.jar;C:\Users\ss\.m2\repository\org\apache\logging\log4j\log4j-to-slf4j\2.13.3\log4j-to-slf4j-2.13.3.jar;C:\Users\ss\.m2\repository\org\apache\logging\log4j\log4j-api\2.13.3\log4j-api-2.13.3.jar;C:\Users\ss\.m2\repository\org\slf4j\jul-to-slf4j\1.7.30\jul-to-slf4j-1.7.30.jar;C:\Users\ss\.m2\repository\org\yaml\snakeyaml\1.26\snakeyaml-1.26.jar;C:\Users\ss\.m2\repository\org\glassfish\jakarta.el\3.0.3\jakarta.el-3.0.3.jar;C:\Users\ss\.m2\repository\org\hibernate\validator\hibernate-validator\6.1.5.Final\hibernate-validator-6.1.5.Final.jar;C:\Users\ss\.m2\repository\jakarta\validation\jakarta.validation-api\2.0.2\jakarta.validation-api-2.0.2.jar;C:\Users\ss\.m2\repository\org\jboss\logging\jboss-logging\3.4.1.Final\jboss-logging-3.4.1.Final.jar;C:\Users\ss\.m2\repository\com\fasterxml\classmate\1.5.1\classmate-1.5.1.jar;C:\Users\ss\.m2\repository\org\springframework\boot\spring-boot-starter-web\2.3.4.RELEASE\spring-boot-starter-web-2.3.4.RELEASE.jar;C:\Users\ss\.m2\repository\org\springframework\boot\spring-boot-starter-json\2.3.4.RELEASE\spring-boot-starter-json-2.3.4.RELEASE.jar;C:\Users\ss\.m2\repository\com\fasterxml\jackson\datatype\jackson-datatype-jdk8\2.11.2\jackson-datatype-jdk8-2.11.2.jar;C:\Users\ss\.m2\repository\com\fasterxml\jackson\datatype\jackson-datatype-jsr310\2.11.2\jackson-datatype-jsr310-2.11.2.jar;C:\Users\ss\.m2\repository\com\fasterxml\jackson\module\jackson-module-parameter-names\2.11.2\jackson-module-parameter-names-2.11.2.jar;C:\Users\ss\.m2\repository\org\springframework\spring-web\5.2.9.RELEASE\spring-web-5.2.9.RELEASE.jar;C:\Users\ss\.m2\repository\org\springframework\spring-beans\5.2.9.RELEASE\spring-beans-5.2.9.RELEASE.jar;C:\Users\ss\.m2\repository\org\springframework\spring-webmvc\5.2.9.RELEASE\spring-webmvc-5.2.9.RELEASE.jar;C:\Users\ss\.m2\repository\org\springframework\spring-context\5.2.9.RELEASE\spring-context-5.2.9.RELEASE.jar;C:\Users\ss\.m2\repository\org\springframework\spring-expression\5.2.9.RELEASE\spring-expression-5.2.9.RELEASE.jar;C:\Users\ss\.m2\repository\org\mybatis\spring\boot\mybatis-spring-boot-starter\2.1.4\mybatis-spring-boot-starter-2.1.4.jar;C:\Users\ss\.m2\repository\org\springframework\boot\spring-boot-starter-jdbc\2.3.4.RELEASE\spring-boot-starter-jdbc-2.3.4.RELEASE.jar;C:\Users\ss\.m2\repository\com\zaxxer\HikariCP\3.4.5\HikariCP-3.4.5.jar;C:\Users\ss\.m2\repository\org\springframework\spring-jdbc\5.2.9.RELEASE\spring-jdbc-5.2.9.RELEASE.jar;C:\Users\ss\.m2\repository\org\springframework\spring-tx\5.2.9.RELEASE\spring-tx-5.2.9.RELEASE.jar;C:\Users\ss\.m2\repository\org\mybatis\spring\boot\mybatis-spring-boot-autoconfigure\2.1.4\mybatis-spring-boot-autoconfigure-2.1.4.jar;C:\Users\ss\.m2\repository\org\mybatis\mybatis\3.5.6\mybatis-3.5.6.jar;C:\Users\ss\.m2\repository\org\mybatis\mybatis-spring\2.0.6\mybatis-spring-2.0.6.jar;C:\Users\ss\.m2\repository\org\springframework\boot\spring-boot-starter-tomcat\2.3.4.RELEASE\spring-boot-starter-tomcat-2.3.4.RELEASE.jar;C:\Users\ss\.m2\repository\jakarta\annotation\jakarta.annotation-api\1.3.5\jakarta.annotation-api-1.3.5.jar;C:\Users\ss\.m2\repository\org\apache\tomcat\embed\tomcat-embed-core\9.0.38\tomcat-embed-core-9.0.38.jar;C:\Users\ss\.m2\repository\org\apache\tomcat\embed\tomcat-embed-websocket\9.0.38\tomcat-embed-websocket-9.0.38.jar;C:\Users\ss\.m2\repository\javax\servlet\jstl\1.2\jstl-1.2.jar;C:\Users\ss\.m2\repository\mysql\mysql-connector-java\8.0.21\mysql-connector-java-8.0.21.jar;C:\Users\ss\.m2\repository\org\projectlombok\lombok\1.18.12\lombok-1.18.12.jar;C:\Users\ss\.m2\repository\org\springframework\boot\spring-boot-starter-test\2.3.4.RELEASE\spring-boot-starter-test-2.3.4.RELEASE.jar;C:\Users\ss\.m2\repository\org\springframework\boot\spring-boot-test\2.3.4.RELEASE\spring-boot-test-2.3.4.RELEASE.jar;C:\Users\ss\.m2\repository\org\springframework\boot\spring-boot-test-autoconfigure\2.3.4.RELEASE\spring-boot-test-autoconfigure-2.3.4.RELEASE.jar;C:\Users\ss\.m2\repository\com\jayway\jsonpath\json-path\2.4.0\json-path-2.4.0.jar;C:\Users\ss\.m2\repository\net\minidev\json-smart\2.3\json-smart-2.3.jar;C:\Users\ss\.m2\repository\net\minidev\accessors-smart\1.2\accessors-smart-1.2.jar;C:\Users\ss\.m2\repository\org\ow2\asm\asm\5.0.4\asm-5.0.4.jar;C:\Users\ss\.m2\repository\org\slf4j\slf4j-api\1.7.30\slf4j-api-1.7.30.jar;C:\Users\ss\.m2\repository\jakarta\xml\bind\jakarta.xml.bind-api\2.3.3\jakarta.xml.bind-api-2.3.3.jar;C:\Users\ss\.m2\repository\jakarta\activation\jakarta.activation-api\1.2.2\jakarta.activation-api-1.2.2.jar;C:\Users\ss\.m2\repository\org\assertj\assertj-core\3.16.1\assertj-core-3.16.1.jar;C:\Users\ss\.m2\repository\org\hamcrest\hamcrest\2.2\hamcrest-2.2.jar;C:\Users\ss\.m2\repository\org\junit\jupiter\junit-jupiter\5.6.2\junit-jupiter-5.6.2.jar;C:\Users\ss\.m2\repository\org\junit\jupiter\junit-jupiter-api\5.6.2\junit-jupiter-api-5.6.2.jar;C:\Users\ss\.m2\repository\org\apiguardian\apiguardian-api\1.1.0\apiguardian-api-1.1.0.jar;C:\Users\ss\.m2\repository\org\opentest4j\opentest4j\1.2.0\opentest4j-1.2.0.jar;C:\Users\ss\.m2\repository\org\junit\platform\junit-platform-commons\1.6.2\junit-platform-commons-1.6.2.jar;C:\Users\ss\.m2\repository\org\junit\jupiter\junit-jupiter-params\5.6.2\junit-jupiter-params-5.6.2.jar;C:\Users\ss\.m2\repository\org\junit\jupiter\junit-jupiter-engine\5.6.2\junit-jupiter-engine-5.6.2.jar;C:\Users\ss\.m2\repository\org\junit\platform\junit-platform-engine\1.6.2\junit-platform-engine-1.6.2.jar;C:\Users\ss\.m2\repository\org\mockito\mockito-core\3.3.3\mockito-core-3.3.3.jar;C:\Users\ss\.m2\repository\net\bytebuddy\byte-buddy\1.10.14\byte-buddy-1.10.14.jar;C:\Users\ss\.m2\repository\net\bytebuddy\byte-buddy-agent\1.10.14\byte-buddy-agent-1.10.14.jar;C:\Users\ss\.m2\repository\org\objenesis\objenesis\2.6\objenesis-2.6.jar;C:\Users\ss\.m2\repository\org\mockito\mockito-junit-jupiter\3.3.3\mockito-junit-jupiter-3.3.3.jar;C:\Users\ss\.m2\repository\org\skyscreamer\jsonassert\1.5.0\jsonassert-1.5.0.jar;C:\Users\ss\.m2\repository\com\vaadin\external\google\android-json\0.0.20131108.vaadin1\android-json-0.0.20131108.vaadin1.jar;C:\Users\ss\.m2\repository\org\springframework\spring-core\5.2.9.RELEASE\spring-core-5.2.9.RELEASE.jar;C:\Users\ss\.m2\repository\org\springframework\spring-jcl\5.2.9.RELEASE\spring-jcl-5.2.9.RELEASE.jar;C:\Users\ss\.m2\repository\org\springframework\spring-test\5.2.9.RELEASE\spring-test-5.2.9.RELEASE.jar;C:\Users\ss\.m2\repository\org\xmlunit\xmlunit-core\2.7.0\xmlunit-core-2.7.0.jar;C:\Users\ss\.m2\repository\org\springframework\boot\spring-boot-starter-security\2.3.4.RELEASE\spring-boot-starter-security-2.3.4.RELEASE.jar;C:\Users\ss\.m2\repository\org\springframework\spring-aop\5.2.9.RELEASE\spring-aop-5.2.9.RELEASE.jar;C:\Users\ss\.m2\repository\org\springframework\security\spring-security-config\5.3.4.RELEASE\spring-security-config-5.3.4.RELEASE.jar;C:\Users\ss\.m2\repository\org\springframework\security\spring-security-core\5.3.4.RELEASE\spring-security-core-5.3.4.RELEASE.jar;C:\Users\ss\.m2\repository\org\springframework\security\spring-security-web\5.3.4.RELEASE\spring-security-web-5.3.4.RELEASE.jar;C:\Users\ss\.m2\repository\io\jsonwebtoken\jjwt\0.9.1\jjwt-0.9.1.jar;C:\Users\ss\.m2\repository\com\fasterxml\jackson\core\jackson-databind\2.11.2\jackson-databind-2.11.2.jar;C:\Users\ss\.m2\repository\com\fasterxml\jackson\core\jackson-annotations\2.11.2\jackson-annotations-2.11.2.jar;C:\Users\ss\.m2\repository\com\fasterxml\jackson\core\jackson-core\2.11.2\jackson-core-2.11.2.jar;C:\Users\ss\.m2\repository\org\glassfish\jaxb\jaxb-runtime\2.3.3\jaxb-runtime-2.3.3.jar;C:\Users\ss\.m2\repository\org\glassfish\jaxb\txw2\2.3.3\txw2-2.3.3.jar;C:\Users\ss\.m2\repository\com\sun\istack\istack-commons-runtime\3.0.11\istack-commons-runtime-3.0.11.jar;C:\Users\ss\.m2\repository\com\sun\activation\jakarta.activation\1.2.2\jakarta.activation-1.2.2.jar;"/>
    <property name="java.vm.vendor" value="Oracle Corporation"/>
    <property name="sun.arch.data.model" value="64"/>
    <property name="user.variant" value=""/>
    <property name="java.vendor.url" value="https://java.oracle.com/"/>
    <property name="user.timezone" value="Asia/Seoul"/>
    <property name="os.name" value="Windows 10"/>
    <property name="java.vm.specification.version" value="13"/>
    <property name="sun.java.launcher" value="SUN_STANDARD"/>
    <property name="user.country" value="KR"/>
    <property name="sun.boot.library.path" value="C:\Program Files\Java\jdk-13.0.1\bin"/>
    <property name="sun.java.command" value="C:\Users\ss\AppData\Local\Temp\surefire12779089157864452905\surefirebooter6959588584282665618.jar C:\Users\ss\AppData\Local\Temp\surefire12779089157864452905 2021-04-25T13-40-43_671-jvmRun1 surefire9475181230193773465tmp surefire_01643879559798447696tmp"/>
    <property name="jdk.debug" value="release"/>
    <property name="surefire.test.class.path" value="D:\_personal project\toy\210411\server\target\test-classes;D:\_personal project\toy\210411\server\target\classes;D:\_personal project\toy\210411\server\lib\javaSDK-2.2.jar;D:\_personal project\toy\210411\server\lib\json-simple-1.1.1.jar;C:\Users\ss\.m2\repository\com\amazonaws\aws-java-sdk\1.11.404\aws-java-sdk-1.11.404.jar;C:\Users\ss\.m2\repository\com\amazonaws\aws-java-sdk-signer\1.11.404\aws-java-sdk-signer-1.11.404.jar;C:\Users\ss\.m2\repository\com\amazonaws\jmespath-java\1.11.404\jmespath-java-1.11.404.jar;C:\Users\ss\.m2\repository\com\amazonaws\aws-java-sdk-dlm\1.11.404\aws-java-sdk-dlm-1.11.404.jar;C:\Users\ss\.m2\repository\com\amazonaws\aws-java-sdk-macie\1.11.404\aws-java-sdk-macie-1.11.404.jar;C:\Users\ss\.m2\repository\com\amazonaws\aws-java-sdk-eks\1.11.404\aws-java-sdk-eks-1.11.404.jar;C:\Users\ss\.m2\repository\com\amazonaws\aws-java-sdk-mediatailor\1.11.404\aws-java-sdk-mediatailor-1.11.404.jar;C:\Users\ss\.m2\repository\com\amazonaws\aws-java-sdk-neptune\1.11.404\aws-java-sdk-neptune-1.11.404.jar;C:\Users\ss\.m2\repository\com\amazonaws\aws-java-sdk-pi\1.11.404\aws-java-sdk-pi-1.11.404.jar;C:\Users\ss\.m2\repository\com\amazonaws\aws-java-sdk-iot1clickprojects\1.11.404\aws-java-sdk-iot1clickprojects-1.11.404.jar;C:\Users\ss\.m2\repository\com\amazonaws\aws-java-sdk-iot1clickdevices\1.11.404\aws-java-sdk-iot1clickdevices-1.11.404.jar;C:\Users\ss\.m2\repository\com\amazonaws\aws-java-sdk-iotanalytics\1.11.404\aws-java-sdk-iotanalytics-1.11.404.jar;C:\Users\ss\.m2\repository\com\amazonaws\aws-java-sdk-acmpca\1.11.404\aws-java-sdk-acmpca-1.11.404.jar;C:\Users\ss\.m2\repository\com\amazonaws\aws-java-sdk-secretsmanager\1.11.404\aws-java-sdk-secretsmanager-1.11.404.jar;C:\Users\ss\.m2\repository\com\amazonaws\aws-java-sdk-fms\1.11.404\aws-java-sdk-fms-1.11.404.jar;C:\Users\ss\.m2\repository\com\amazonaws\aws-java-sdk-connect\1.11.404\aws-java-sdk-connect-1.11.404.jar;C:\Users\ss\.m2\repository\com\amazonaws\aws-java-sdk-transcribe\1.11.404\aws-java-sdk-transcribe-1.11.404.jar;C:\Users\ss\.m2\repository\com\amazonaws\aws-java-sdk-autoscalingplans\1.11.404\aws-java-sdk-autoscalingplans-1.11.404.jar;C:\Users\ss\.m2\repository\com\amazonaws\aws-java-sdk-workmail\1.11.404\aws-java-sdk-workmail-1.11.404.jar;C:\Users\ss\.m2\repository\com\amazonaws\aws-java-sdk-servicediscovery\1.11.404\aws-java-sdk-servicediscovery-1.11.404.jar;C:\Users\ss\.m2\repository\com\amazonaws\aws-java-sdk-cloud9\1.11.404\aws-java-sdk-cloud9-1.11.404.jar;C:\Users\ss\.m2\repository\com\amazonaws\aws-java-sdk-serverlessapplicationrepository\1.11.404\aws-java-sdk-serverlessapplicationrepository-1.11.404.jar;C:\Users\ss\.m2\repository\com\amazonaws\aws-java-sdk-alexaforbusiness\1.11.404\aws-java-sdk-alexaforbusiness-1.11.404.jar;C:\Users\ss\.m2\repository\com\amazonaws\aws-java-sdk-resourcegroups\1.11.404\aws-java-sdk-resourcegroups-1.11.404.jar;C:\Users\ss\.m2\repository\com\amazonaws\aws-java-sdk-comprehend\1.11.404\aws-java-sdk-comprehend-1.11.404.jar;C:\Users\ss\.m2\repository\com\amazonaws\aws-java-sdk-translate\1.11.404\aws-java-sdk-translate-1.11.404.jar;C:\Users\ss\.m2\repository\com\amazonaws\aws-java-sdk-sagemaker\1.11.404\aws-java-sdk-sagemaker-1.11.404.jar;C:\Users\ss\.m2\repository\com\amazonaws\aws-java-sdk-iotjobsdataplane\1.11.404\aws-java-sdk-iotjobsdataplane-1.11.404.jar;C:\Users\ss\.m2\repository\com\amazonaws\aws-java-sdk-sagemakerruntime\1.11.404\aws-java-sdk-sagemakerruntime-1.11.404.jar;C:\Users\ss\.m2\repository\com\amazonaws\aws-java-sdk-kinesisvideo\1.11.404\aws-java-sdk-kinesisvideo-1.11.404.jar;C:\Users\ss\.m2\repository\io\netty\netty-codec-http\4.1.52.Final\netty-codec-http-4.1.52.Final.jar;C:\Users\ss\.m2\repository\io\netty\netty-common\4.1.52.Final\netty-common-4.1.52.Final.jar;C:\Users\ss\.m2\repository\io\netty\netty-buffer\4.1.52.Final\netty-buffer-4.1.52.Final.jar;C:\Users\ss\.m2\repository\io\netty\netty-transport\4.1.52.Final\netty-transport-4.1.52.Final.jar;C:\Users\ss\.m2\repository\io\netty\netty-codec\4.1.52.Final\netty-codec-4.1.52.Final.jar;C:\Users\ss\.m2\repository\io\netty\netty-handler\4.1.52.Final\netty-handler-4.1.52.Final.jar;C:\Users\ss\.m2\repository\io\netty\netty-resolver\4.1.52.Final\netty-resolver-4.1.52.Final.jar;C:\Users\ss\.m2\repository\com\amazonaws\aws-java-sdk-appsync\1.11.404\aws-java-sdk-appsync-1.11.404.jar;C:\Users\ss\.m2\repository\com\amazonaws\aws-java-sdk-guardduty\1.11.404\aws-java-sdk-guardduty-1.11.404.jar;C:\Users\ss\.m2\repository\com\amazonaws\aws-java-sdk-mq\1.11.404\aws-java-sdk-mq-1.11.404.jar;C:\Users\ss\.m2\repository\com\amazonaws\aws-java-sdk-mediaconvert\1.11.404\aws-java-sdk-mediaconvert-1.11.404.jar;C:\Users\ss\.m2\repository\com\amazonaws\aws-java-sdk-mediastore\1.11.404\aws-java-sdk-mediastore-1.11.404.jar;C:\Users\ss\.m2\repository\com\amazonaws\aws-java-sdk-mediastoredata\1.11.404\aws-java-sdk-mediastoredata-1.11.404.jar;C:\Users\ss\.m2\repository\com\amazonaws\aws-java-sdk-medialive\1.11.404\aws-java-sdk-medialive-1.11.404.jar;C:\Users\ss\.m2\repository\com\amazonaws\aws-java-sdk-mediapackage\1.11.404\aws-java-sdk-mediapackage-1.11.404.jar;C:\Users\ss\.m2\repository\com\amazonaws\aws-java-sdk-costexplorer\1.11.404\aws-java-sdk-costexplorer-1.11.404.jar;C:\Users\ss\.m2\repository\com\amazonaws\aws-java-sdk-pricing\1.11.404\aws-java-sdk-pricing-1.11.404.jar;C:\Users\ss\.m2\repository\com\amazonaws\aws-java-sdk-mobile\1.11.404\aws-java-sdk-mobile-1.11.404.jar;C:\Users\ss\.m2\repository\com\amazonaws\aws-java-sdk-cloudhsmv2\1.11.404\aws-java-sdk-cloudhsmv2-1.11.404.jar;C:\Users\ss\.m2\repository\com\amazonaws\aws-java-sdk-glue\1.11.404\aws-java-sdk-glue-1.11.404.jar;C:\Users\ss\.m2\repository\com\amazonaws\aws-java-sdk-migrationhub\1.11.404\aws-java-sdk-migrationhub-1.11.404.jar;C:\Users\ss\.m2\repository\com\amazonaws\aws-java-sdk-dax\1.11.404\aws-java-sdk-dax-1.11.404.jar;C:\Users\ss\.m2\repository\com\amazonaws\aws-java-sdk-greengrass\1.11.404\aws-java-sdk-greengrass-1.11.404.jar;C:\Users\ss\.m2\repository\com\amazonaws\aws-java-sdk-athena\1.11.404\aws-java-sdk-athena-1.11.404.jar;C:\Users\ss\.m2\repository\com\amazonaws\aws-java-sdk-marketplaceentitlement\1.11.404\aws-java-sdk-marketplaceentitlement-1.11.404.jar;C:\Users\ss\.m2\repository\com\amazonaws\aws-java-sdk-codestar\1.11.404\aws-java-sdk-codestar-1.11.404.jar;C:\Users\ss\.m2\repository\com\amazonaws\aws-java-sdk-lexmodelbuilding\1.11.404\aws-java-sdk-lexmodelbuilding-1.11.404.jar;C:\Users\ss\.m2\repository\com\amazonaws\aws-java-sdk-resourcegroupstaggingapi\1.11.404\aws-java-sdk-resourcegroupstaggingapi-1.11.404.jar;C:\Users\ss\.m2\repository\com\amazonaws\aws-java-sdk-pinpoint\1.11.404\aws-java-sdk-pinpoint-1.11.404.jar;C:\Users\ss\.m2\repository\com\amazonaws\aws-java-sdk-xray\1.11.404\aws-java-sdk-xray-1.11.404.jar;C:\Users\ss\.m2\repository\com\amazonaws\aws-java-sdk-opsworkscm\1.11.404\aws-java-sdk-opsworkscm-1.11.404.jar;C:\Users\ss\.m2\repository\com\amazonaws\aws-java-sdk-support\1.11.404\aws-java-sdk-support-1.11.404.jar;C:\Users\ss\.m2\repository\com\amazonaws\aws-java-sdk-simpledb\1.11.404\aws-java-sdk-simpledb-1.11.404.jar;C:\Users\ss\.m2\repository\com\amazonaws\aws-java-sdk-servicecatalog\1.11.404\aws-java-sdk-servicecatalog-1.11.404.jar;C:\Users\ss\.m2\repository\com\amazonaws\aws-java-sdk-servermigration\1.11.404\aws-java-sdk-servermigration-1.11.404.jar;C:\Users\ss\.m2\repository\com\amazonaws\aws-java-sdk-simpleworkflow\1.11.404\aws-java-sdk-simpleworkflow-1.11.404.jar;C:\Users\ss\.m2\repository\com\amazonaws\aws-java-sdk-storagegateway\1.11.404\aws-java-sdk-storagegateway-1.11.404.jar;C:\Users\ss\.m2\repository\com\amazonaws\aws-java-sdk-route53\1.11.404\aws-java-sdk-route53-1.11.404.jar;C:\Users\ss\.m2\repository\com\amazonaws\aws-java-sdk-s3\1.11.404\aws-java-sdk-s3-1.11.404.jar;C:\Users\ss\.m2\repository\com\amazonaws\aws-java-sdk-importexport\1.11.404\aws-java-sdk-importexport-1.11.404.jar;C:\Users\ss\.m2\repository\com\amazonaws\aws-java-sdk-sts\1.11.404\aws-java-sdk-sts-1.11.404.jar;C:\Users\ss\.m2\repository\com\amazonaws\aws-java-sdk-sqs\1.11.404\aws-java-sdk-sqs-1.11.404.jar;C:\Users\ss\.m2\repository\com\amazonaws\aws-java-sdk-rds\1.11.404\aws-java-sdk-rds-1.11.404.jar;C:\Users\ss\.m2\repository\com\amazonaws\aws-java-sdk-redshift\1.11.404\aws-java-sdk-redshift-1.11.404.jar;C:\Users\ss\.m2\repository\com\amazonaws\aws-java-sdk-elasticbeanstalk\1.11.404\aws-java-sdk-elasticbeanstalk-1.11.404.jar;C:\Users\ss\.m2\repository\com\amazonaws\aws-java-sdk-glacier\1.11.404\aws-java-sdk-glacier-1.11.404.jar;C:\Users\ss\.m2\repository\com\amazonaws\aws-java-sdk-iam\1.11.404\aws-java-sdk-iam-1.11.404.jar;C:\Users\ss\.m2\repository\com\amazonaws\aws-java-sdk-datapipeline\1.11.404\aws-java-sdk-datapipeline-1.11.404.jar;C:\Users\ss\.m2\repository\com\amazonaws\aws-java-sdk-elasticloadbalancing\1.11.404\aws-java-sdk-elasticloadbalancing-1.11.404.jar;C:\Users\ss\.m2\repository\com\amazonaws\aws-java-sdk-elasticloadbalancingv2\1.11.404\aws-java-sdk-elasticloadbalancingv2-1.11.404.jar;C:\Users\ss\.m2\repository\com\amazonaws\aws-java-sdk-emr\1.11.404\aws-java-sdk-emr-1.11.404.jar;C:\Users\ss\.m2\repository\com\amazonaws\aws-java-sdk-elasticache\1.11.404\aws-java-sdk-elasticache-1.11.404.jar;C:\Users\ss\.m2\repository\com\amazonaws\aws-java-sdk-elastictranscoder\1.11.404\aws-java-sdk-elastictranscoder-1.11.404.jar;C:\Users\ss\.m2\repository\com\amazonaws\aws-java-sdk-ec2\1.11.404\aws-java-sdk-ec2-1.11.404.jar;C:\Users\ss\.m2\repository\com\amazonaws\aws-java-sdk-dynamodb\1.11.404\aws-java-sdk-dynamodb-1.11.404.jar;C:\Users\ss\.m2\repository\com\amazonaws\aws-java-sdk-sns\1.11.404\aws-java-sdk-sns-1.11.404.jar;C:\Users\ss\.m2\repository\com\amazonaws\aws-java-sdk-budgets\1.11.404\aws-java-sdk-budgets-1.11.404.jar;C:\Users\ss\.m2\repository\com\amazonaws\aws-java-sdk-cloudtrail\1.11.404\aws-java-sdk-cloudtrail-1.11.404.jar;C:\Users\ss\.m2\repository\com\amazonaws\aws-java-sdk-cloudwatch\1.11.404\aws-java-sdk-cloudwatch-1.11.404.jar;C:\Users\ss\.m2\repository\com\amazonaws\aws-java-sdk-logs\1.11.404\aws-java-sdk-logs-1.11.404.jar;C:\Users\ss\.m2\repository\com\amazonaws\aws-java-sdk-events\1.11.404\aws-java-sdk-events-1.11.404.jar;C:\Users\ss\.m2\repository\com\amazonaws\aws-java-sdk-cognitoidentity\1.11.404\aws-java-sdk-cognitoidentity-1.11.404.jar;C:\Users\ss\.m2\repository\com\amazonaws\aws-java-sdk-cognitosync\1.11.404\aws-java-sdk-cognitosync-1.11.404.jar;C:\Users\ss\.m2\repository\com\amazonaws\aws-java-sdk-directconnect\1.11.404\aws-java-sdk-directconnect-1.11.404.jar;C:\Users\ss\.m2\repository\com\amazonaws\aws-java-sdk-cloudformation\1.11.404\aws-java-sdk-cloudformation-1.11.404.jar;C:\Users\ss\.m2\repository\com\amazonaws\aws-java-sdk-cloudfront\1.11.404\aws-java-sdk-cloudfront-1.11.404.jar;C:\Users\ss\.m2\repository\com\amazonaws\aws-java-sdk-clouddirectory\1.11.404\aws-java-sdk-clouddirectory-1.11.404.jar;C:\Users\ss\.m2\repository\com\amazonaws\aws-java-sdk-kinesis\1.11.404\aws-java-sdk-kinesis-1.11.404.jar;C:\Users\ss\.m2\repository\com\amazonaws\aws-java-sdk-opsworks\1.11.404\aws-java-sdk-opsworks-1.11.404.jar;C:\Users\ss\.m2\repository\com\amazonaws\aws-java-sdk-ses\1.11.404\aws-java-sdk-ses-1.11.404.jar;C:\Users\ss\.m2\repository\com\amazonaws\aws-java-sdk-autoscaling\1.11.404\aws-java-sdk-autoscaling-1.11.404.jar;C:\Users\ss\.m2\repository\com\amazonaws\aws-java-sdk-cloudsearch\1.11.404\aws-java-sdk-cloudsearch-1.11.404.jar;C:\Users\ss\.m2\repository\com\amazonaws\aws-java-sdk-cloudwatchmetrics\1.11.404\aws-java-sdk-cloudwatchmetrics-1.11.404.jar;C:\Users\ss\.m2\repository\com\amazonaws\aws-java-sdk-codedeploy\1.11.404\aws-java-sdk-codedeploy-1.11.404.jar;C:\Users\ss\.m2\repository\com\amazonaws\aws-java-sdk-codepipeline\1.11.404\aws-java-sdk-codepipeline-1.11.404.jar;C:\Users\ss\.m2\repository\com\amazonaws\aws-java-sdk-kms\1.11.404\aws-java-sdk-kms-1.11.404.jar;C:\Users\ss\.m2\repository\com\amazonaws\aws-java-sdk-config\1.11.404\aws-java-sdk-config-1.11.404.jar;C:\Users\ss\.m2\repository\com\amazonaws\aws-java-sdk-lambda\1.11.404\aws-java-sdk-lambda-1.11.404.jar;C:\Users\ss\.m2\repository\com\amazonaws\aws-java-sdk-ecs\1.11.404\aws-java-sdk-ecs-1.11.404.jar;C:\Users\ss\.m2\repository\com\amazonaws\aws-java-sdk-ecr\1.11.404\aws-java-sdk-ecr-1.11.404.jar;C:\Users\ss\.m2\repository\com\amazonaws\aws-java-sdk-cloudhsm\1.11.404\aws-java-sdk-cloudhsm-1.11.404.jar;C:\Users\ss\.m2\repository\com\amazonaws\aws-java-sdk-ssm\1.11.404\aws-java-sdk-ssm-1.11.404.jar;C:\Users\ss\.m2\repository\com\amazonaws\aws-java-sdk-workspaces\1.11.404\aws-java-sdk-workspaces-1.11.404.jar;C:\Users\ss\.m2\repository\com\amazonaws\aws-java-sdk-machinelearning\1.11.404\aws-java-sdk-machinelearning-1.11.404.jar;C:\Users\ss\.m2\repository\com\amazonaws\aws-java-sdk-directory\1.11.404\aws-java-sdk-directory-1.11.404.jar;C:\Users\ss\.m2\repository\com\amazonaws\aws-java-sdk-efs\1.11.404\aws-java-sdk-efs-1.11.404.jar;C:\Users\ss\.m2\repository\com\amazonaws\aws-java-sdk-codecommit\1.11.404\aws-java-sdk-codecommit-1.11.404.jar;C:\Users\ss\.m2\repository\com\amazonaws\aws-java-sdk-devicefarm\1.11.404\aws-java-sdk-devicefarm-1.11.404.jar;C:\Users\ss\.m2\repository\com\amazonaws\aws-java-sdk-elasticsearch\1.11.404\aws-java-sdk-elasticsearch-1.11.404.jar;C:\Users\ss\.m2\repository\com\amazonaws\aws-java-sdk-waf\1.11.404\aws-java-sdk-waf-1.11.404.jar;C:\Users\ss\.m2\repository\com\amazonaws\aws-java-sdk-marketplacecommerceanalytics\1.11.404\aws-java-sdk-marketplacecommerceanalytics-1.11.404.jar;C:\Users\ss\.m2\repository\com\amazonaws\aws-java-sdk-inspector\1.11.404\aws-java-sdk-inspector-1.11.404.jar;C:\Users\ss\.m2\repository\com\amazonaws\aws-java-sdk-iot\1.11.404\aws-java-sdk-iot-1.11.404.jar;C:\Users\ss\.m2\repository\com\amazonaws\aws-java-sdk-api-gateway\1.11.404\aws-java-sdk-api-gateway-1.11.404.jar;C:\Users\ss\.m2\repository\com\amazonaws\aws-java-sdk-acm\1.11.404\aws-java-sdk-acm-1.11.404.jar;C:\Users\ss\.m2\repository\com\amazonaws\aws-java-sdk-gamelift\1.11.404\aws-java-sdk-gamelift-1.11.404.jar;C:\Users\ss\.m2\repository\com\amazonaws\aws-java-sdk-dms\1.11.404\aws-java-sdk-dms-1.11.404.jar;C:\Users\ss\.m2\repository\com\amazonaws\aws-java-sdk-marketplacemeteringservice\1.11.404\aws-java-sdk-marketplacemeteringservice-1.11.404.jar;C:\Users\ss\.m2\repository\com\amazonaws\aws-java-sdk-cognitoidp\1.11.404\aws-java-sdk-cognitoidp-1.11.404.jar;C:\Users\ss\.m2\repository\com\amazonaws\aws-java-sdk-discovery\1.11.404\aws-java-sdk-discovery-1.11.404.jar;C:\Users\ss\.m2\repository\com\amazonaws\aws-java-sdk-applicationautoscaling\1.11.404\aws-java-sdk-applicationautoscaling-1.11.404.jar;C:\Users\ss\.m2\repository\com\amazonaws\aws-java-sdk-snowball\1.11.404\aws-java-sdk-snowball-1.11.404.jar;C:\Users\ss\.m2\repository\com\amazonaws\aws-java-sdk-rekognition\1.11.404\aws-java-sdk-rekognition-1.11.404.jar;C:\Users\ss\.m2\repository\com\amazonaws\aws-java-sdk-polly\1.11.404\aws-java-sdk-polly-1.11.404.jar;C:\Users\ss\.m2\repository\com\amazonaws\aws-java-sdk-lightsail\1.11.404\aws-java-sdk-lightsail-1.11.404.jar;C:\Users\ss\.m2\repository\com\amazonaws\aws-java-sdk-stepfunctions\1.11.404\aws-java-sdk-stepfunctions-1.11.404.jar;C:\Users\ss\.m2\repository\com\amazonaws\aws-java-sdk-health\1.11.404\aws-java-sdk-health-1.11.404.jar;C:\Users\ss\.m2\repository\com\amazonaws\aws-java-sdk-costandusagereport\1.11.404\aws-java-sdk-costandusagereport-1.11.404.jar;C:\Users\ss\.m2\repository\com\amazonaws\aws-java-sdk-codebuild\1.11.404\aws-java-sdk-codebuild-1.11.404.jar;C:\Users\ss\.m2\repository\com\amazonaws\aws-java-sdk-appstream\1.11.404\aws-java-sdk-appstream-1.11.404.jar;C:\Users\ss\.m2\repository\com\amazonaws\aws-java-sdk-shield\1.11.404\aws-java-sdk-shield-1.11.404.jar;C:\Users\ss\.m2\repository\com\amazonaws\aws-java-sdk-batch\1.11.404\aws-java-sdk-batch-1.11.404.jar;C:\Users\ss\.m2\repository\com\amazonaws\aws-java-sdk-lex\1.11.404\aws-java-sdk-lex-1.11.404.jar;C:\Users\ss\.m2\repository\com\amazonaws\aws-java-sdk-mechanicalturkrequester\1.11.404\aws-java-sdk-mechanicalturkrequester-1.11.404.jar;C:\Users\ss\.m2\repository\com\amazonaws\aws-java-sdk-organizations\1.11.404\aws-java-sdk-organizations-1.11.404.jar;C:\Users\ss\.m2\repository\com\amazonaws\aws-java-sdk-workdocs\1.11.404\aws-java-sdk-workdocs-1.11.404.jar;C:\Users\ss\.m2\repository\com\amazonaws\aws-java-sdk-core\1.11.404\aws-java-sdk-core-1.11.404.jar;C:\Users\ss\.m2\repository\commons-logging\commons-logging\1.1.3\commons-logging-1.1.3.jar;C:\Users\ss\.m2\repository\org\apache\httpcomponents\httpclient\4.5.12\httpclient-4.5.12.jar;C:\Users\ss\.m2\repository\org\apache\httpcomponents\httpcore\4.4.13\httpcore-4.4.13.jar;C:\Users\ss\.m2\repository\commons-codec\commons-codec\1.14\commons-codec-1.14.jar;C:\Users\ss\.m2\repository\software\amazon\ion\ion-java\1.0.2\ion-java-1.0.2.jar;C:\Users\ss\.m2\repository\com\fasterxml\jackson\dataformat\jackson-dataformat-cbor\2.11.2\jackson-dataformat-cbor-2.11.2.jar;C:\Users\ss\.m2\repository\joda-time\joda-time\2.8.1\joda-time-2.8.1.jar;C:\Users\ss\.m2\repository\com\amazonaws\aws-java-sdk-models\1.11.404\aws-java-sdk-models-1.11.404.jar;C:\Users\ss\.m2\repository\com\amazonaws\aws-java-sdk-swf-libraries\1.11.22\aws-java-sdk-swf-libraries-1.11.22.jar;C:\Users\ss\.m2\repository\org\springframework\boot\spring-boot-starter-validation\2.3.4.RELEASE\spring-boot-starter-validation-2.3.4.RELEASE.jar;C:\Users\ss\.m2\repository\org\springframework\boot\spring-boot-starter\2.3.4.RELEASE\spring-boot-starter-2.3.4.RELEASE.jar;C:\Users\ss\.m2\repository\org\springframework\boot\spring-boot\2.3.4.RELEASE\spring-boot-2.3.4.RELEASE.jar;C:\Users\ss\.m2\repository\org\springframework\boot\spring-boot-autoconfigure\2.3.4.RELEASE\spring-boot-autoconfigure-2.3.4.RELEASE.jar;C:\Users\ss\.m2\repository\org\springframework\boot\spring-boot-starter-logging\2.3.4.RELEASE\spring-boot-starter-logging-2.3.4.RELEASE.jar;C:\Users\ss\.m2\repository\ch\qos\logback\logback-classic\1.2.3\logback-classic-1.2.3.jar;C:\Users\ss\.m2\repository\ch\qos\logback\logback-core\1.2.3\logback-core-1.2.3.jar;C:\Users\ss\.m2\repository\org\apache\logging\log4j\log4j-to-slf4j\2.13.3\log4j-to-slf4j-2.13.3.jar;C:\Users\ss\.m2\repository\org\apache\logging\log4j\log4j-api\2.13.3\log4j-api-2.13.3.jar;C:\Users\ss\.m2\repository\org\slf4j\jul-to-slf4j\1.7.30\jul-to-slf4j-1.7.30.jar;C:\Users\ss\.m2\repository\org\yaml\snakeyaml\1.26\snakeyaml-1.26.jar;C:\Users\ss\.m2\repository\org\glassfish\jakarta.el\3.0.3\jakarta.el-3.0.3.jar;C:\Users\ss\.m2\repository\org\hibernate\validator\hibernate-validator\6.1.5.Final\hibernate-validator-6.1.5.Final.jar;C:\Users\ss\.m2\repository\jakarta\validation\jakarta.validation-api\2.0.2\jakarta.validation-api-2.0.2.jar;C:\Users\ss\.m2\repository\org\jboss\logging\jboss-logging\3.4.1.Final\jboss-logging-3.4.1.Final.jar;C:\Users\ss\.m2\repository\com\fasterxml\classmate\1.5.1\classmate-1.5.1.jar;C:\Users\ss\.m2\repository\org\springframework\boot\spring-boot-starter-web\2.3.4.RELEASE\spring-boot-starter-web-2.3.4.RELEASE.jar;C:\Users\ss\.m2\repository\org\springframework\boot\spring-boot-starter-json\2.3.4.RELEASE\spring-boot-starter-json-2.3.4.RELEASE.jar;C:\Users\ss\.m2\repository\com\fasterxml\jackson\datatype\jackson-datatype-jdk8\2.11.2\jackson-datatype-jdk8-2.11.2.jar;C:\Users\ss\.m2\repository\com\fasterxml\jackson\datatype\jackson-datatype-jsr310\2.11.2\jackson-datatype-jsr310-2.11.2.jar;C:\Users\ss\.m2\repository\com\fasterxml\jackson\module\jackson-module-parameter-names\2.11.2\jackson-module-parameter-names-2.11.2.jar;C:\Users\ss\.m2\repository\org\springframework\spring-web\5.2.9.RELEASE\spring-web-5.2.9.RELEASE.jar;C:\Users\ss\.m2\repository\org\springframework\spring-beans\5.2.9.RELEASE\spring-beans-5.2.9.RELEASE.jar;C:\Users\ss\.m2\repository\org\springframework\spring-webmvc\5.2.9.RELEASE\spring-webmvc-5.2.9.RELEASE.jar;C:\Users\ss\.m2\repository\org\springframework\spring-context\5.2.9.RELEASE\spring-context-5.2.9.RELEASE.jar;C:\Users\ss\.m2\repository\org\springframework\spring-expression\5.2.9.RELEASE\spring-expression-5.2.9.RELEASE.jar;C:\Users\ss\.m2\repository\org\mybatis\spring\boot\mybatis-spring-boot-starter\2.1.4\mybatis-spring-boot-starter-2.1.4.jar;C:\Users\ss\.m2\repository\org\springframework\boot\spring-boot-starter-jdbc\2.3.4.RELEASE\spring-boot-starter-jdbc-2.3.4.RELEASE.jar;C:\Users\ss\.m2\repository\com\zaxxer\HikariCP\3.4.5\HikariCP-3.4.5.jar;C:\Users\ss\.m2\repository\org\springframework\spring-jdbc\5.2.9.RELEASE\spring-jdbc-5.2.9.RELEASE.jar;C:\Users\ss\.m2\repository\org\springframework\spring-tx\5.2.9.RELEASE\spring-tx-5.2.9.RELEASE.jar;C:\Users\ss\.m2\repository\org\mybatis\spring\boot\mybatis-spring-boot-autoconfigure\2.1.4\mybatis-spring-boot-autoconfigure-2.1.4.jar;C:\Users\ss\.m2\repository\org\mybatis\mybatis\3.5.6\mybatis-3.5.6.jar;C:\Users\ss\.m2\repository\org\mybatis\mybatis-spring\2.0.6\mybatis-spring-2.0.6.jar;C:\Users\ss\.m2\repository\org\springframework\boot\spring-boot-starter-tomcat\2.3.4.RELEASE\spring-boot-starter-tomcat-2.3.4.RELEASE.jar;C:\Users\ss\.m2\repository\jakarta\annotation\jakarta.annotation-api\1.3.5\jakarta.annotation-api-1.3.5.jar;C:\Users\ss\.m2\repository\org\apache\tomcat\embed\tomcat-embed-core\9.0.38\tomcat-embed-core-9.0.38.jar;C:\Users\ss\.m2\repository\org\apache\tomcat\embed\tomcat-embed-websocket\9.0.38\tomcat-embed-websocket-9.0.38.jar;C:\Users\ss\.m2\repository\javax\servlet\jstl\1.2\jstl-1.2.jar;C:\Users\ss\.m2\repository\mysql\mysql-connector-java\8.0.21\mysql-connector-java-8.0.21.jar;C:\Users\ss\.m2\repository\org\projectlombok\lombok\1.18.12\lombok-1.18.12.jar;C:\Users\ss\.m2\repository\org\springframework\boot\spring-boot-starter-test\2.3.4.RELEASE\spring-boot-starter-test-2.3.4.RELEASE.jar;C:\Users\ss\.m2\repository\org\springframework\boot\spring-boot-test\2.3.4.RELEASE\spring-boot-test-2.3.4.RELEASE.jar;C:\Users\ss\.m2\repository\org\springframework\boot\spring-boot-test-autoconfigure\2.3.4.RELEASE\spring-boot-test-autoconfigure-2.3.4.RELEASE.jar;C:\Users\ss\.m2\repository\com\jayway\jsonpath\json-path\2.4.0\json-path-2.4.0.jar;C:\Users\ss\.m2\repository\net\minidev\json-smart\2.3\json-smart-2.3.jar;C:\Users\ss\.m2\repository\net\minidev\accessors-smart\1.2\accessors-smart-1.2.jar;C:\Users\ss\.m2\repository\org\ow2\asm\asm\5.0.4\asm-5.0.4.jar;C:\Users\ss\.m2\repository\org\slf4j\slf4j-api\1.7.30\slf4j-api-1.7.30.jar;C:\Users\ss\.m2\repository\jakarta\xml\bind\jakarta.xml.bind-api\2.3.3\jakarta.xml.bind-api-2.3.3.jar;C:\Users\ss\.m2\repository\jakarta\activation\jakarta.activation-api\1.2.2\jakarta.activation-api-1.2.2.jar;C:\Users\ss\.m2\repository\org\assertj\assertj-core\3.16.1\assertj-core-3.16.1.jar;C:\Users\ss\.m2\repository\org\hamcrest\hamcrest\2.2\hamcrest-2.2.jar;C:\Users\ss\.m2\repository\org\junit\jupiter\junit-jupiter\5.6.2\junit-jupiter-5.6.2.jar;C:\Users\ss\.m2\repository\org\junit\jupiter\junit-jupiter-api\5.6.2\junit-jupiter-api-5.6.2.jar;C:\Users\ss\.m2\repository\org\apiguardian\apiguardian-api\1.1.0\apiguardian-api-1.1.0.jar;C:\Users\ss\.m2\repository\org\opentest4j\opentest4j\1.2.0\opentest4j-1.2.0.jar;C:\Users\ss\.m2\repository\org\junit\platform\junit-platform-commons\1.6.2\junit-platform-commons-1.6.2.jar;C:\Users\ss\.m2\repository\org\junit\jupiter\junit-jupiter-params\5.6.2\junit-jupiter-params-5.6.2.jar;C:\Users\ss\.m2\repository\org\junit\jupiter\junit-jupiter-engine\5.6.2\junit-jupiter-engine-5.6.2.jar;C:\Users\ss\.m2\repository\org\junit\platform\junit-platform-engine\1.6.2\junit-platform-engine-1.6.2.jar;C:\Users\ss\.m2\repository\org\mockito\mockito-core\3.3.3\mockito-core-3.3.3.jar;C:\Users\ss\.m2\repository\net\bytebuddy\byte-buddy\1.10.14\byte-buddy-1.10.14.jar;C:\Users\ss\.m2\repository\net\bytebuddy\byte-buddy-agent\1.10.14\byte-buddy-agent-1.10.14.jar;C:\Users\ss\.m2\repository\org\objenesis\objenesis\2.6\objenesis-2.6.jar;C:\Users\ss\.m2\repository\org\mockito\mockito-junit-jupiter\3.3.3\mockito-junit-jupiter-3.3.3.jar;C:\Users\ss\.m2\repository\org\skyscreamer\jsonassert\1.5.0\jsonassert-1.5.0.jar;C:\Users\ss\.m2\repository\com\vaadin\external\google\android-json\0.0.20131108.vaadin1\android-json-0.0.20131108.vaadin1.jar;C:\Users\ss\.m2\repository\org\springframework\spring-core\5.2.9.RELEASE\spring-core-5.2.9.RELEASE.jar;C:\Users\ss\.m2\repository\org\springframework\spring-jcl\5.2.9.RELEASE\spring-jcl-5.2.9.RELEASE.jar;C:\Users\ss\.m2\repository\org\springframework\spring-test\5.2.9.RELEASE\spring-test-5.2.9.RELEASE.jar;C:\Users\ss\.m2\repository\org\xmlunit\xmlunit-core\2.7.0\xmlunit-core-2.7.0.jar;C:\Users\ss\.m2\repository\org\springframework\boot\spring-boot-starter-security\2.3.4.RELEASE\spring-boot-starter-security-2.3.4.RELEASE.jar;C:\Users\ss\.m2\repository\org\springframework\spring-aop\5.2.9.RELEASE\spring-aop-5.2.9.RELEASE.jar;C:\Users\ss\.m2\repository\org\springframework\security\spring-security-config\5.3.4.RELEASE\spring-security-config-5.3.4.RELEASE.jar;C:\Users\ss\.m2\repository\org\springframework\security\spring-security-core\5.3.4.RELEASE\spring-security-core-5.3.4.RELEASE.jar;C:\Users\ss\.m2\repository\org\springframework\security\spring-security-web\5.3.4.RELEASE\spring-security-web-5.3.4.RELEASE.jar;C:\Users\ss\.m2\repository\io\jsonwebtoken\jjwt\0.9.1\jjwt-0.9.1.jar;C:\Users\ss\.m2\repository\com\fasterxml\jackson\core\jackson-databind\2.11.2\jackson-databind-2.11.2.jar;C:\Users\ss\.m2\repository\com\fasterxml\jackson\core\jackson-annotations\2.11.2\jackson-annotations-2.11.2.jar;C:\Users\ss\.m2\repository\com\fasterxml\jackson\core\jackson-core\2.11.2\jackson-core-2.11.2.jar;C:\Users\ss\.m2\repository\org\glassfish\jaxb\jaxb-runtime\2.3.3\jaxb-runtime-2.3.3.jar;C:\Users\ss\.m2\repository\org\glassfish\jaxb\txw2\2.3.3\txw2-2.3.3.jar;C:\Users\ss\.m2\repository\com\sun\istack\istack-commons-runtime\3.0.11\istack-commons-runtime-3.0.11.jar;C:\Users\ss\.m2\repository\com\sun\activation\jakarta.activation\1.2.2\jakarta.activation-1.2.2.jar;"/>
    <property name="sun.cpu.endian" value="little"/>
    <property name="user.home" value="C:\Users\ss"/>
    <property name="user.language" value="ko"/>
    <property name="java.specification.vendor" value="Oracle Corporation"/>
    <property name="java.version.date" value="2019-10-15"/>
    <property name="java.home" value="C:\Program Files\Java\jdk-13.0.1"/>
    <property name="file.separator" value="\"/>
    <property name="basedir" value="D:\_personal project\toy\210411\server"/>
    <property name="java.vm.compressedOopsMode" value="32-bit"/>
    <property name="line.separator" value="&#10;"/>
    <property name="java.vm.specification.vendor" value="Oracle Corporation"/>
    <property name="java.specification.name" value="Java Platform API Specification"/>
    <property name="surefire.real.class.path" value="C:\Users\ss\AppData\Local\Temp\surefire12779089157864452905\surefirebooter6959588584282665618.jar"/>
    <property name="user.script" value=""/>
    <property name="sun.management.compiler" value="HotSpot 64-Bit Tiered Compilers"/>
    <property name="java.runtime.version" value="13.0.1+9"/>
    <property name="user.name" value="ss"/>
    <property name="path.separator" value=";"/>
    <property name="os.version" value="10.0"/>
    <property name="java.runtime.name" value="Java(TM) SE Runtime Environment"/>
    <property name="file.encoding" value="MS949"/>
    <property name="java.vm.name" value="Java HotSpot(TM) 64-Bit Server VM"/>
    <property name="localRepository" value="C:\Users\ss\.m2\repository"/>
    <property name="java.vendor.url.bug" value="https://bugreport.java.com/bugreport/"/>
    <property name="java.io.tmpdir" value="C:\Users\ss\AppData\Local\Temp\"/>
    <property name="java.version" value="13.0.1"/>
    <property name="user.dir" value="D:\_personal project\toy\210411\server"/>
    <property name="os.arch" value="amd64"/>
    <property name="java.vm.specification.name" value="Java Virtual Machine Specification"/>
    <property name="sun.os.patch.level" value=""/>
    <property name="java.library.path" value="C:\Program Files\Java\jdk-13.0.1\bin;C:\WINDOWS\Sun\Java\bin;C:\WINDOWS\system32;C:\WINDOWS;C:/Program Files/Java/jdk-13.0.1/bin/server;C:/Program Files/Java/jdk-13.0.1/bin;C:\Python27\;C:\Python27\Scripts;C:\Windows\system32;C:\Windows;C:\Windows\System32\Wbem;C:\Windows\System32\WindowsPowerShell\v1.0\;C:\Program Files (x86)\NVIDIA Corporation\PhysX\Common;C:\Program Files (x86)\Brackets\command;C:\Apache24\bin;C:\util\instantclient_11_2;C:\Program Files\OpenSSL-Win64\bin;D:\Program Files\Git\cmd;D:\Bitnami\wampstack-7.4.6-1\mysql\bin;C:\WINDOWS\system32;C:\WINDOWS;C:\WINDOWS\System32\Wbem;C:\WINDOWS\System32\WindowsPowerShell\v1.0\;C:\Program Files\Java\jdk-13.0.1\bin;C:\WINDOWS\System32\OpenSSH\;C:\Program Files\PuTTY\;C:\Program Files\nodejs\;C:\ProgramData\chocolatey\bin;C:\Program Files\OpenJDK\openjdk-8u275-b01\bin;D:\Program Files\MongoDB\Server\4.4\bin;C:\Program Files\Bandizip\7z;C:\Users\ss\AppData\Local\Microsoft\WindowsApps;C:\Users\ss\AppData\Local\Programs\Microsoft VS Code\bin;C:\Users\ss\AppData\Roaming\npm;C:\Users\ss\AppData\Local\Android\Sdk\platform-tools;D:\Program Files\MongoDB\Server\4.4\bin;;C:\Users\ss\AppData\Local\afreeca;C:\Users\ss\eclipse\jee-2020-09\eclipse;;."/>
    <property name="java.vm.info" value="mixed mode, sharing"/>
    <property name="java.vendor" value="Oracle Corporation"/>
    <property name="java.vm.version" value="13.0.1+9"/>
    <property name="sun.io.unicode.encoding" value="UnicodeLittle"/>
    <property name="java.class.version" value="57.0"/>
  </properties>
  <testcase name="contextLoads" classname="com.LongForYou.server.LongForYouServerApplicationTests" time="1.146"/>
</testsuite>